Job ID : 16765
Node   : ensta-l40s02
GPU    : NVIDIA L40S
Date   : sam. 21 mars 2026 00:42:11 CET

=== Study 1: RBM hidden units ===
  q=50 ...   Saved outputs/alpha_study/rbm_hidden_q50.png
  q=100 ...   Saved outputs/alpha_study/rbm_hidden_q100.png
  q=200 ...   Saved outputs/alpha_study/rbm_hidden_q200.png
  q=500 ...   Saved outputs/alpha_study/rbm_hidden_q500.png
  Summary saved.

=== Study 2: RBM epochs ===
  epochs=50 ...   Saved outputs/alpha_study/rbm_epochs_50.png
  epochs=100 ...   Saved outputs/alpha_study/rbm_epochs_100.png
  epochs=200 ...   Saved outputs/alpha_study/rbm_epochs_200.png
  epochs=500 ...   Saved outputs/alpha_study/rbm_epochs_500.png
  Summary saved.

=== Study 3: RBM number of classes ===
  1 class (A) ...   Saved outputs/alpha_study/rbm_classes_1.png
  3 classes (A,B,C) ...   Saved outputs/alpha_study/rbm_classes_3.png
  6 classes (A–F) ...   Saved outputs/alpha_study/rbm_classes_6.png
  10 classes (A–J) ...   Saved outputs/alpha_study/rbm_classes_10.png
  Summary saved.

=== Study 4: DBN depth ===
  1 RBM layer ... 
--- Training RBM layer 1/1 ---
Epoch 1/100 - MSE: 0.2317
Epoch 2/100 - MSE: 0.2298
Epoch 3/100 - MSE: 0.2290
Epoch 4/100 - MSE: 0.2281
Epoch 5/100 - MSE: 0.2277
Epoch 6/100 - MSE: 0.2266
Epoch 7/100 - MSE: 0.2256
Epoch 8/100 - MSE: 0.2239
Epoch 9/100 - MSE: 0.2224
Epoch 10/100 - MSE: 0.2199
Epoch 11/100 - MSE: 0.2169
Epoch 12/100 - MSE: 0.2134
Epoch 13/100 - MSE: 0.2094
Epoch 14/100 - MSE: 0.2044
Epoch 15/100 - MSE: 0.1997
Epoch 16/100 - MSE: 0.1958
Epoch 17/100 - MSE: 0.1923
Epoch 18/100 - MSE: 0.1890
Epoch 19/100 - MSE: 0.1850
Epoch 20/100 - MSE: 0.1816
Epoch 21/100 - MSE: 0.1780
Epoch 22/100 - MSE: 0.1753
Epoch 23/100 - MSE: 0.1728
Epoch 24/100 - MSE: 0.1704
Epoch 25/100 - MSE: 0.1678
Epoch 26/100 - MSE: 0.1655
Epoch 27/100 - MSE: 0.1636
Epoch 28/100 - MSE: 0.1613
Epoch 29/100 - MSE: 0.1591
Epoch 30/100 - MSE: 0.1572
Epoch 31/100 - MSE: 0.1547
Epoch 32/100 - MSE: 0.1526
Epoch 33/100 - MSE: 0.1506
Epoch 34/100 - MSE: 0.1486
Epoch 35/100 - MSE: 0.1465
Epoch 36/100 - MSE: 0.1447
Epoch 37/100 - MSE: 0.1426
Epoch 38/100 - MSE: 0.1405
Epoch 39/100 - MSE: 0.1391
Epoch 40/100 - MSE: 0.1369
Epoch 41/100 - MSE: 0.1349
Epoch 42/100 - MSE: 0.1331
Epoch 43/100 - MSE: 0.1311
Epoch 44/100 - MSE: 0.1294
Epoch 45/100 - MSE: 0.1273
Epoch 46/100 - MSE: 0.1260
Epoch 47/100 - MSE: 0.1239
Epoch 48/100 - MSE: 0.1222
Epoch 49/100 - MSE: 0.1206
Epoch 50/100 - MSE: 0.1191
Epoch 51/100 - MSE: 0.1175
Epoch 52/100 - MSE: 0.1159
Epoch 53/100 - MSE: 0.1143
Epoch 54/100 - MSE: 0.1129
Epoch 55/100 - MSE: 0.1115
Epoch 56/100 - MSE: 0.1101
Epoch 57/100 - MSE: 0.1085
Epoch 58/100 - MSE: 0.1069
Epoch 59/100 - MSE: 0.1056
Epoch 60/100 - MSE: 0.1041
Epoch 61/100 - MSE: 0.1032
Epoch 62/100 - MSE: 0.1016
Epoch 63/100 - MSE: 0.1006
Epoch 64/100 - MSE: 0.0993
Epoch 65/100 - MSE: 0.0982
Epoch 66/100 - MSE: 0.0968
Epoch 67/100 - MSE: 0.0955
Epoch 68/100 - MSE: 0.0947
Epoch 69/100 - MSE: 0.0936
Epoch 70/100 - MSE: 0.0926
Epoch 71/100 - MSE: 0.0915
Epoch 72/100 - MSE: 0.0904
Epoch 73/100 - MSE: 0.0893
Epoch 74/100 - MSE: 0.0882
Epoch 75/100 - MSE: 0.0875
Epoch 76/100 - MSE: 0.0863
Epoch 77/100 - MSE: 0.0853
Epoch 78/100 - MSE: 0.0843
Epoch 79/100 - MSE: 0.0833
Epoch 80/100 - MSE: 0.0823
Epoch 81/100 - MSE: 0.0817
Epoch 82/100 - MSE: 0.0806
Epoch 83/100 - MSE: 0.0798
Epoch 84/100 - MSE: 0.0789
Epoch 85/100 - MSE: 0.0779
Epoch 86/100 - MSE: 0.0770
Epoch 87/100 - MSE: 0.0761
Epoch 88/100 - MSE: 0.0754
Epoch 89/100 - MSE: 0.0746
Epoch 90/100 - MSE: 0.0735
Epoch 91/100 - MSE: 0.0728
Epoch 92/100 - MSE: 0.0722
Epoch 93/100 - MSE: 0.0714
Epoch 94/100 - MSE: 0.0706
Epoch 95/100 - MSE: 0.0697
Epoch 96/100 - MSE: 0.0691
Epoch 97/100 - MSE: 0.0684
Epoch 98/100 - MSE: 0.0675
Epoch 99/100 - MSE: 0.0668
Epoch 100/100 - MSE: 0.0661
  Saved outputs/alpha_study/dbn_depth_1.png
  2 RBM layers ... 
--- Training RBM layer 1/2 ---
Epoch 1/100 - MSE: 0.2313
Epoch 2/100 - MSE: 0.2301
Epoch 3/100 - MSE: 0.2289
Epoch 4/100 - MSE: 0.2279
Epoch 5/100 - MSE: 0.2274
Epoch 6/100 - MSE: 0.2263
Epoch 7/100 - MSE: 0.2252
Epoch 8/100 - MSE: 0.2238
Epoch 9/100 - MSE: 0.2219
Epoch 10/100 - MSE: 0.2197
Epoch 11/100 - MSE: 0.2167
Epoch 12/100 - MSE: 0.2131
Epoch 13/100 - MSE: 0.2090
Epoch 14/100 - MSE: 0.2048
Epoch 15/100 - MSE: 0.2010
Epoch 16/100 - MSE: 0.1974
Epoch 17/100 - MSE: 0.1949
Epoch 18/100 - MSE: 0.1915
Epoch 19/100 - MSE: 0.1880
Epoch 20/100 - MSE: 0.1842
Epoch 21/100 - MSE: 0.1808
Epoch 22/100 - MSE: 0.1778
Epoch 23/100 - MSE: 0.1748
Epoch 24/100 - MSE: 0.1718
Epoch 25/100 - MSE: 0.1693
Epoch 26/100 - MSE: 0.1672
Epoch 27/100 - MSE: 0.1650
Epoch 28/100 - MSE: 0.1628
Epoch 29/100 - MSE: 0.1607
Epoch 30/100 - MSE: 0.1585
Epoch 31/100 - MSE: 0.1563
Epoch 32/100 - MSE: 0.1539
Epoch 33/100 - MSE: 0.1522
Epoch 34/100 - MSE: 0.1499
Epoch 35/100 - MSE: 0.1483
Epoch 36/100 - MSE: 0.1460
Epoch 37/100 - MSE: 0.1441
Epoch 38/100 - MSE: 0.1425
Epoch 39/100 - MSE: 0.1403
Epoch 40/100 - MSE: 0.1384
Epoch 41/100 - MSE: 0.1363
Epoch 42/100 - MSE: 0.1345
Epoch 43/100 - MSE: 0.1327
Epoch 44/100 - MSE: 0.1306
Epoch 45/100 - MSE: 0.1292
Epoch 46/100 - MSE: 0.1272
Epoch 47/100 - MSE: 0.1255
Epoch 48/100 - MSE: 0.1239
Epoch 49/100 - MSE: 0.1222
Epoch 50/100 - MSE: 0.1206
Epoch 51/100 - MSE: 0.1187
Epoch 52/100 - MSE: 0.1171
Epoch 53/100 - MSE: 0.1156
Epoch 54/100 - MSE: 0.1140
Epoch 55/100 - MSE: 0.1125
Epoch 56/100 - MSE: 0.1113
Epoch 57/100 - MSE: 0.1096
Epoch 58/100 - MSE: 0.1081
Epoch 59/100 - MSE: 0.1068
Epoch 60/100 - MSE: 0.1050
Epoch 61/100 - MSE: 0.1038
Epoch 62/100 - MSE: 0.1026
Epoch 63/100 - MSE: 0.1013
Epoch 64/100 - MSE: 0.0999
Epoch 65/100 - MSE: 0.0991
Epoch 66/100 - MSE: 0.0976
Epoch 67/100 - MSE: 0.0963
Epoch 68/100 - MSE: 0.0955
Epoch 69/100 - MSE: 0.0943
Epoch 70/100 - MSE: 0.0934
Epoch 71/100 - MSE: 0.0922
Epoch 72/100 - MSE: 0.0912
Epoch 73/100 - MSE: 0.0899
Epoch 74/100 - MSE: 0.0889
Epoch 75/100 - MSE: 0.0879
Epoch 76/100 - MSE: 0.0871
Epoch 77/100 - MSE: 0.0860
Epoch 78/100 - MSE: 0.0851
Epoch 79/100 - MSE: 0.0841
Epoch 80/100 - MSE: 0.0832
Epoch 81/100 - MSE: 0.0823
Epoch 82/100 - MSE: 0.0815
Epoch 83/100 - MSE: 0.0802
Epoch 84/100 - MSE: 0.0797
Epoch 85/100 - MSE: 0.0787
Epoch 86/100 - MSE: 0.0779
Epoch 87/100 - MSE: 0.0771
Epoch 88/100 - MSE: 0.0760
Epoch 89/100 - MSE: 0.0753
Epoch 90/100 - MSE: 0.0746
Epoch 91/100 - MSE: 0.0738
Epoch 92/100 - MSE: 0.0730
Epoch 93/100 - MSE: 0.0722
Epoch 94/100 - MSE: 0.0714
Epoch 95/100 - MSE: 0.0706
Epoch 96/100 - MSE: 0.0698
Epoch 97/100 - MSE: 0.0692
Epoch 98/100 - MSE: 0.0684
Epoch 99/100 - MSE: 0.0678
Epoch 100/100 - MSE: 0.0669

--- Training RBM layer 2/2 ---
Epoch 1/100 - MSE: 0.1510
Epoch 2/100 - MSE: 0.1507
Epoch 3/100 - MSE: 0.1497
Epoch 4/100 - MSE: 0.1499
Epoch 5/100 - MSE: 0.1493
Epoch 6/100 - MSE: 0.1494
Epoch 7/100 - MSE: 0.1485
Epoch 8/100 - MSE: 0.1483
Epoch 9/100 - MSE: 0.1472
Epoch 10/100 - MSE: 0.1469
Epoch 11/100 - MSE: 0.1462
Epoch 12/100 - MSE: 0.1447
Epoch 13/100 - MSE: 0.1430
Epoch 14/100 - MSE: 0.1413
Epoch 15/100 - MSE: 0.1383
Epoch 16/100 - MSE: 0.1353
Epoch 17/100 - MSE: 0.1314
Epoch 18/100 - MSE: 0.1281
Epoch 19/100 - MSE: 0.1236
Epoch 20/100 - MSE: 0.1197
Epoch 21/100 - MSE: 0.1161
Epoch 22/100 - MSE: 0.1126
Epoch 23/100 - MSE: 0.1092
Epoch 24/100 - MSE: 0.1067
Epoch 25/100 - MSE: 0.1032
Epoch 26/100 - MSE: 0.1006
Epoch 27/100 - MSE: 0.0981
Epoch 28/100 - MSE: 0.0958
Epoch 29/100 - MSE: 0.0937
Epoch 30/100 - MSE: 0.0918
Epoch 31/100 - MSE: 0.0899
Epoch 32/100 - MSE: 0.0879
Epoch 33/100 - MSE: 0.0863
Epoch 34/100 - MSE: 0.0846
Epoch 35/100 - MSE: 0.0832
Epoch 36/100 - MSE: 0.0817
Epoch 37/100 - MSE: 0.0803
Epoch 38/100 - MSE: 0.0789
Epoch 39/100 - MSE: 0.0778
Epoch 40/100 - MSE: 0.0760
Epoch 41/100 - MSE: 0.0745
Epoch 42/100 - MSE: 0.0735
Epoch 43/100 - MSE: 0.0721
Epoch 44/100 - MSE: 0.0705
Epoch 45/100 - MSE: 0.0691
Epoch 46/100 - MSE: 0.0679
Epoch 47/100 - MSE: 0.0663
Epoch 48/100 - MSE: 0.0651
Epoch 49/100 - MSE: 0.0637
Epoch 50/100 - MSE: 0.0624
Epoch 51/100 - MSE: 0.0613
Epoch 52/100 - MSE: 0.0603
Epoch 53/100 - MSE: 0.0590
Epoch 54/100 - MSE: 0.0578
Epoch 55/100 - MSE: 0.0568
Epoch 56/100 - MSE: 0.0556
Epoch 57/100 - MSE: 0.0544
Epoch 58/100 - MSE: 0.0534
Epoch 59/100 - MSE: 0.0528
Epoch 60/100 - MSE: 0.0518
Epoch 61/100 - MSE: 0.0510
Epoch 62/100 - MSE: 0.0497
Epoch 63/100 - MSE: 0.0492
Epoch 64/100 - MSE: 0.0480
Epoch 65/100 - MSE: 0.0470
Epoch 66/100 - MSE: 0.0462
Epoch 67/100 - MSE: 0.0455
Epoch 68/100 - MSE: 0.0446
Epoch 69/100 - MSE: 0.0439
Epoch 70/100 - MSE: 0.0430
Epoch 71/100 - MSE: 0.0423
Epoch 72/100 - MSE: 0.0414
Epoch 73/100 - MSE: 0.0406
Epoch 74/100 - MSE: 0.0400
Epoch 75/100 - MSE: 0.0393
Epoch 76/100 - MSE: 0.0385
Epoch 77/100 - MSE: 0.0377
Epoch 78/100 - MSE: 0.0373
Epoch 79/100 - MSE: 0.0367
Epoch 80/100 - MSE: 0.0361
Epoch 81/100 - MSE: 0.0353
Epoch 82/100 - MSE: 0.0348
Epoch 83/100 - MSE: 0.0341
Epoch 84/100 - MSE: 0.0338
Epoch 85/100 - MSE: 0.0333
Epoch 86/100 - MSE: 0.0327
Epoch 87/100 - MSE: 0.0321
Epoch 88/100 - MSE: 0.0315
Epoch 89/100 - MSE: 0.0310
Epoch 90/100 - MSE: 0.0306
Epoch 91/100 - MSE: 0.0301
Epoch 92/100 - MSE: 0.0297
Epoch 93/100 - MSE: 0.0294
Epoch 94/100 - MSE: 0.0289
Epoch 95/100 - MSE: 0.0285
Epoch 96/100 - MSE: 0.0281
Epoch 97/100 - MSE: 0.0275
Epoch 98/100 - MSE: 0.0271
Epoch 99/100 - MSE: 0.0267
Epoch 100/100 - MSE: 0.0264
  Saved outputs/alpha_study/dbn_depth_2.png
  3 RBM layers ... 
--- Training RBM layer 1/3 ---
Epoch 1/100 - MSE: 0.2307
Epoch 2/100 - MSE: 0.2298
Epoch 3/100 - MSE: 0.2289
Epoch 4/100 - MSE: 0.2279
Epoch 5/100 - MSE: 0.2275
Epoch 6/100 - MSE: 0.2260
Epoch 7/100 - MSE: 0.2249
Epoch 8/100 - MSE: 0.2233
Epoch 9/100 - MSE: 0.2214
Epoch 10/100 - MSE: 0.2187
Epoch 11/100 - MSE: 0.2158
Epoch 12/100 - MSE: 0.2117
Epoch 13/100 - MSE: 0.2073
Epoch 14/100 - MSE: 0.2036
Epoch 15/100 - MSE: 0.1997
Epoch 16/100 - MSE: 0.1964
Epoch 17/100 - MSE: 0.1929
Epoch 18/100 - MSE: 0.1897
Epoch 19/100 - MSE: 0.1866
Epoch 20/100 - MSE: 0.1832
Epoch 21/100 - MSE: 0.1800
Epoch 22/100 - MSE: 0.1771
Epoch 23/100 - MSE: 0.1747
Epoch 24/100 - MSE: 0.1717
Epoch 25/100 - MSE: 0.1696
Epoch 26/100 - MSE: 0.1673
Epoch 27/100 - MSE: 0.1650
Epoch 28/100 - MSE: 0.1630
Epoch 29/100 - MSE: 0.1607
Epoch 30/100 - MSE: 0.1587
Epoch 31/100 - MSE: 0.1566
Epoch 32/100 - MSE: 0.1541
Epoch 33/100 - MSE: 0.1520
Epoch 34/100 - MSE: 0.1498
Epoch 35/100 - MSE: 0.1478
Epoch 36/100 - MSE: 0.1456
Epoch 37/100 - MSE: 0.1438
Epoch 38/100 - MSE: 0.1418
Epoch 39/100 - MSE: 0.1396
Epoch 40/100 - MSE: 0.1377
Epoch 41/100 - MSE: 0.1358
Epoch 42/100 - MSE: 0.1341
Epoch 43/100 - MSE: 0.1321
Epoch 44/100 - MSE: 0.1303
Epoch 45/100 - MSE: 0.1288
Epoch 46/100 - MSE: 0.1270
Epoch 47/100 - MSE: 0.1252
Epoch 48/100 - MSE: 0.1236
Epoch 49/100 - MSE: 0.1220
Epoch 50/100 - MSE: 0.1201
Epoch 51/100 - MSE: 0.1186
Epoch 52/100 - MSE: 0.1170
Epoch 53/100 - MSE: 0.1155
Epoch 54/100 - MSE: 0.1139
Epoch 55/100 - MSE: 0.1126
Epoch 56/100 - MSE: 0.1113
Epoch 57/100 - MSE: 0.1098
Epoch 58/100 - MSE: 0.1086
Epoch 59/100 - MSE: 0.1070
Epoch 60/100 - MSE: 0.1058
Epoch 61/100 - MSE: 0.1043
Epoch 62/100 - MSE: 0.1029
Epoch 63/100 - MSE: 0.1021
Epoch 64/100 - MSE: 0.1008
Epoch 65/100 - MSE: 0.0994
Epoch 66/100 - MSE: 0.0983
Epoch 67/100 - MSE: 0.0974
Epoch 68/100 - MSE: 0.0960
Epoch 69/100 - MSE: 0.0954
Epoch 70/100 - MSE: 0.0941
Epoch 71/100 - MSE: 0.0929
Epoch 72/100 - MSE: 0.0918
Epoch 73/100 - MSE: 0.0908
Epoch 74/100 - MSE: 0.0898
Epoch 75/100 - MSE: 0.0886
Epoch 76/100 - MSE: 0.0877
Epoch 77/100 - MSE: 0.0867
Epoch 78/100 - MSE: 0.0857
Epoch 79/100 - MSE: 0.0848
Epoch 80/100 - MSE: 0.0839
Epoch 81/100 - MSE: 0.0830
Epoch 82/100 - MSE: 0.0821
Epoch 83/100 - MSE: 0.0813
Epoch 84/100 - MSE: 0.0805
Epoch 85/100 - MSE: 0.0797
Epoch 86/100 - MSE: 0.0787
Epoch 87/100 - MSE: 0.0778
Epoch 88/100 - MSE: 0.0770
Epoch 89/100 - MSE: 0.0763
Epoch 90/100 - MSE: 0.0756
Epoch 91/100 - MSE: 0.0748
Epoch 92/100 - MSE: 0.0740
Epoch 93/100 - MSE: 0.0733
Epoch 94/100 - MSE: 0.0724
Epoch 95/100 - MSE: 0.0715
Epoch 96/100 - MSE: 0.0707
Epoch 97/100 - MSE: 0.0702
Epoch 98/100 - MSE: 0.0696
Epoch 99/100 - MSE: 0.0688
Epoch 100/100 - MSE: 0.0680

--- Training RBM layer 2/3 ---
Epoch 1/100 - MSE: 0.1493
Epoch 2/100 - MSE: 0.1487
Epoch 3/100 - MSE: 0.1477
Epoch 4/100 - MSE: 0.1475
Epoch 5/100 - MSE: 0.1471
Epoch 6/100 - MSE: 0.1468
Epoch 7/100 - MSE: 0.1467
Epoch 8/100 - MSE: 0.1463
Epoch 9/100 - MSE: 0.1456
Epoch 10/100 - MSE: 0.1451
Epoch 11/100 - MSE: 0.1444
Epoch 12/100 - MSE: 0.1431
Epoch 13/100 - MSE: 0.1420
Epoch 14/100 - MSE: 0.1406
Epoch 15/100 - MSE: 0.1383
Epoch 16/100 - MSE: 0.1361
Epoch 17/100 - MSE: 0.1325
Epoch 18/100 - MSE: 0.1288
Epoch 19/100 - MSE: 0.1248
Epoch 20/100 - MSE: 0.1206
Epoch 21/100 - MSE: 0.1167
Epoch 22/100 - MSE: 0.1135
Epoch 23/100 - MSE: 0.1104
Epoch 24/100 - MSE: 0.1069
Epoch 25/100 - MSE: 0.1037
Epoch 26/100 - MSE: 0.1005
Epoch 27/100 - MSE: 0.0982
Epoch 28/100 - MSE: 0.0951
Epoch 29/100 - MSE: 0.0930
Epoch 30/100 - MSE: 0.0907
Epoch 31/100 - MSE: 0.0887
Epoch 32/100 - MSE: 0.0868
Epoch 33/100 - MSE: 0.0850
Epoch 34/100 - MSE: 0.0832
Epoch 35/100 - MSE: 0.0821
Epoch 36/100 - MSE: 0.0807
Epoch 37/100 - MSE: 0.0795
Epoch 38/100 - MSE: 0.0781
Epoch 39/100 - MSE: 0.0769
Epoch 40/100 - MSE: 0.0755
Epoch 41/100 - MSE: 0.0743
Epoch 42/100 - MSE: 0.0731
Epoch 43/100 - MSE: 0.0721
Epoch 44/100 - MSE: 0.0703
Epoch 45/100 - MSE: 0.0690
Epoch 46/100 - MSE: 0.0679
Epoch 47/100 - MSE: 0.0664
Epoch 48/100 - MSE: 0.0653
Epoch 49/100 - MSE: 0.0643
Epoch 50/100 - MSE: 0.0629
Epoch 51/100 - MSE: 0.0616
Epoch 52/100 - MSE: 0.0602
Epoch 53/100 - MSE: 0.0591
Epoch 54/100 - MSE: 0.0579
Epoch 55/100 - MSE: 0.0568
Epoch 56/100 - MSE: 0.0558
Epoch 57/100 - MSE: 0.0550
Epoch 58/100 - MSE: 0.0539
Epoch 59/100 - MSE: 0.0530
Epoch 60/100 - MSE: 0.0522
Epoch 61/100 - MSE: 0.0509
Epoch 62/100 - MSE: 0.0502
Epoch 63/100 - MSE: 0.0494
Epoch 64/100 - MSE: 0.0484
Epoch 65/100 - MSE: 0.0475
Epoch 66/100 - MSE: 0.0464
Epoch 67/100 - MSE: 0.0456
Epoch 68/100 - MSE: 0.0449
Epoch 69/100 - MSE: 0.0442
Epoch 70/100 - MSE: 0.0434
Epoch 71/100 - MSE: 0.0423
Epoch 72/100 - MSE: 0.0417
Epoch 73/100 - MSE: 0.0409
Epoch 74/100 - MSE: 0.0401
Epoch 75/100 - MSE: 0.0397
Epoch 76/100 - MSE: 0.0387
Epoch 77/100 - MSE: 0.0381
Epoch 78/100 - MSE: 0.0376
Epoch 79/100 - MSE: 0.0368
Epoch 80/100 - MSE: 0.0361
Epoch 81/100 - MSE: 0.0355
Epoch 82/100 - MSE: 0.0350
Epoch 83/100 - MSE: 0.0342
Epoch 84/100 - MSE: 0.0336
Epoch 85/100 - MSE: 0.0330
Epoch 86/100 - MSE: 0.0323
Epoch 87/100 - MSE: 0.0319
Epoch 88/100 - MSE: 0.0314
Epoch 89/100 - MSE: 0.0309
Epoch 90/100 - MSE: 0.0303
Epoch 91/100 - MSE: 0.0299
Epoch 92/100 - MSE: 0.0295
Epoch 93/100 - MSE: 0.0289
Epoch 94/100 - MSE: 0.0285
Epoch 95/100 - MSE: 0.0281
Epoch 96/100 - MSE: 0.0279
Epoch 97/100 - MSE: 0.0271
Epoch 98/100 - MSE: 0.0266
Epoch 99/100 - MSE: 0.0263
Epoch 100/100 - MSE: 0.0259

--- Training RBM layer 3/3 ---
Epoch 1/100 - MSE: 0.1134
Epoch 2/100 - MSE: 0.1121
Epoch 3/100 - MSE: 0.1121
Epoch 4/100 - MSE: 0.1118
Epoch 5/100 - MSE: 0.1114
Epoch 6/100 - MSE: 0.1111
Epoch 7/100 - MSE: 0.1110
Epoch 8/100 - MSE: 0.1102
Epoch 9/100 - MSE: 0.1090
Epoch 10/100 - MSE: 0.1084
Epoch 11/100 - MSE: 0.1068
Epoch 12/100 - MSE: 0.1043
Epoch 13/100 - MSE: 0.1013
Epoch 14/100 - MSE: 0.0975
Epoch 15/100 - MSE: 0.0930
Epoch 16/100 - MSE: 0.0888
Epoch 17/100 - MSE: 0.0845
Epoch 18/100 - MSE: 0.0803
Epoch 19/100 - MSE: 0.0777
Epoch 20/100 - MSE: 0.0742
Epoch 21/100 - MSE: 0.0709
Epoch 22/100 - MSE: 0.0676
Epoch 23/100 - MSE: 0.0648
Epoch 24/100 - MSE: 0.0625
Epoch 25/100 - MSE: 0.0603
Epoch 26/100 - MSE: 0.0574
Epoch 27/100 - MSE: 0.0552
Epoch 28/100 - MSE: 0.0534
Epoch 29/100 - MSE: 0.0517
Epoch 30/100 - MSE: 0.0502
Epoch 31/100 - MSE: 0.0484
Epoch 32/100 - MSE: 0.0467
Epoch 33/100 - MSE: 0.0459
Epoch 34/100 - MSE: 0.0446
Epoch 35/100 - MSE: 0.0436
Epoch 36/100 - MSE: 0.0424
Epoch 37/100 - MSE: 0.0415
Epoch 38/100 - MSE: 0.0404
Epoch 39/100 - MSE: 0.0392
Epoch 40/100 - MSE: 0.0385
Epoch 41/100 - MSE: 0.0373
Epoch 42/100 - MSE: 0.0359
Epoch 43/100 - MSE: 0.0354
Epoch 44/100 - MSE: 0.0345
Epoch 45/100 - MSE: 0.0331
Epoch 46/100 - MSE: 0.0321
Epoch 47/100 - MSE: 0.0310
Epoch 48/100 - MSE: 0.0300
Epoch 49/100 - MSE: 0.0290
Epoch 50/100 - MSE: 0.0282
Epoch 51/100 - MSE: 0.0274
Epoch 52/100 - MSE: 0.0266
Epoch 53/100 - MSE: 0.0263
Epoch 54/100 - MSE: 0.0256
Epoch 55/100 - MSE: 0.0244
Epoch 56/100 - MSE: 0.0242
Epoch 57/100 - MSE: 0.0237
Epoch 58/100 - MSE: 0.0230
Epoch 59/100 - MSE: 0.0227
Epoch 60/100 - MSE: 0.0224
Epoch 61/100 - MSE: 0.0217
Epoch 62/100 - MSE: 0.0211
Epoch 63/100 - MSE: 0.0208
Epoch 64/100 - MSE: 0.0205
Epoch 65/100 - MSE: 0.0201
Epoch 66/100 - MSE: 0.0197
Epoch 67/100 - MSE: 0.0193
Epoch 68/100 - MSE: 0.0189
Epoch 69/100 - MSE: 0.0183
Epoch 70/100 - MSE: 0.0181
Epoch 71/100 - MSE: 0.0178
Epoch 72/100 - MSE: 0.0173
Epoch 73/100 - MSE: 0.0171
Epoch 74/100 - MSE: 0.0167
Epoch 75/100 - MSE: 0.0164
Epoch 76/100 - MSE: 0.0162
Epoch 77/100 - MSE: 0.0158
Epoch 78/100 - MSE: 0.0157
Epoch 79/100 - MSE: 0.0152
Epoch 80/100 - MSE: 0.0152
Epoch 81/100 - MSE: 0.0149
Epoch 82/100 - MSE: 0.0145
Epoch 83/100 - MSE: 0.0143
Epoch 84/100 - MSE: 0.0140
Epoch 85/100 - MSE: 0.0135
Epoch 86/100 - MSE: 0.0133
Epoch 87/100 - MSE: 0.0131
Epoch 88/100 - MSE: 0.0129
Epoch 89/100 - MSE: 0.0129
Epoch 90/100 - MSE: 0.0126
Epoch 91/100 - MSE: 0.0122
Epoch 92/100 - MSE: 0.0122
Epoch 93/100 - MSE: 0.0120
Epoch 94/100 - MSE: 0.0118
Epoch 95/100 - MSE: 0.0116
Epoch 96/100 - MSE: 0.0113
Epoch 97/100 - MSE: 0.0112
Epoch 98/100 - MSE: 0.0111
Epoch 99/100 - MSE: 0.0108
Epoch 100/100 - MSE: 0.0108
  Saved outputs/alpha_study/dbn_depth_3.png
  4 RBM layers ... 
--- Training RBM layer 1/4 ---
Epoch 1/100 - MSE: 0.2320
Epoch 2/100 - MSE: 0.2299
Epoch 3/100 - MSE: 0.2288
Epoch 4/100 - MSE: 0.2282
Epoch 5/100 - MSE: 0.2277
Epoch 6/100 - MSE: 0.2264
Epoch 7/100 - MSE: 0.2252
Epoch 8/100 - MSE: 0.2240
Epoch 9/100 - MSE: 0.2220
Epoch 10/100 - MSE: 0.2197
Epoch 11/100 - MSE: 0.2169
Epoch 12/100 - MSE: 0.2136
Epoch 13/100 - MSE: 0.2093
Epoch 14/100 - MSE: 0.2047
Epoch 15/100 - MSE: 0.2006
Epoch 16/100 - MSE: 0.1966
Epoch 17/100 - MSE: 0.1929
Epoch 18/100 - MSE: 0.1893
Epoch 19/100 - MSE: 0.1862
Epoch 20/100 - MSE: 0.1823
Epoch 21/100 - MSE: 0.1792
Epoch 22/100 - MSE: 0.1761
Epoch 23/100 - MSE: 0.1736
Epoch 24/100 - MSE: 0.1709
Epoch 25/100 - MSE: 0.1686
Epoch 26/100 - MSE: 0.1668
Epoch 27/100 - MSE: 0.1652
Epoch 28/100 - MSE: 0.1629
Epoch 29/100 - MSE: 0.1606
Epoch 30/100 - MSE: 0.1583
Epoch 31/100 - MSE: 0.1561
Epoch 32/100 - MSE: 0.1541
Epoch 33/100 - MSE: 0.1517
Epoch 34/100 - MSE: 0.1494
Epoch 35/100 - MSE: 0.1471
Epoch 36/100 - MSE: 0.1448
Epoch 37/100 - MSE: 0.1430
Epoch 38/100 - MSE: 0.1409
Epoch 39/100 - MSE: 0.1388
Epoch 40/100 - MSE: 0.1368
Epoch 41/100 - MSE: 0.1352
Epoch 42/100 - MSE: 0.1333
Epoch 43/100 - MSE: 0.1315
Epoch 44/100 - MSE: 0.1299
Epoch 45/100 - MSE: 0.1283
Epoch 46/100 - MSE: 0.1265
Epoch 47/100 - MSE: 0.1248
Epoch 48/100 - MSE: 0.1231
Epoch 49/100 - MSE: 0.1216
Epoch 50/100 - MSE: 0.1197
Epoch 51/100 - MSE: 0.1182
Epoch 52/100 - MSE: 0.1167
Epoch 53/100 - MSE: 0.1154
Epoch 54/100 - MSE: 0.1138
Epoch 55/100 - MSE: 0.1122
Epoch 56/100 - MSE: 0.1109
Epoch 57/100 - MSE: 0.1095
Epoch 58/100 - MSE: 0.1083
Epoch 59/100 - MSE: 0.1069
Epoch 60/100 - MSE: 0.1055
Epoch 61/100 - MSE: 0.1043
Epoch 62/100 - MSE: 0.1030
Epoch 63/100 - MSE: 0.1017
Epoch 64/100 - MSE: 0.1007
Epoch 65/100 - MSE: 0.0995
Epoch 66/100 - MSE: 0.0982
Epoch 67/100 - MSE: 0.0971
Epoch 68/100 - MSE: 0.0960
Epoch 69/100 - MSE: 0.0950
Epoch 70/100 - MSE: 0.0939
Epoch 71/100 - MSE: 0.0927
Epoch 72/100 - MSE: 0.0916
Epoch 73/100 - MSE: 0.0907
Epoch 74/100 - MSE: 0.0896
Epoch 75/100 - MSE: 0.0886
Epoch 76/100 - MSE: 0.0876
Epoch 77/100 - MSE: 0.0868
Epoch 78/100 - MSE: 0.0859
Epoch 79/100 - MSE: 0.0849
Epoch 80/100 - MSE: 0.0841
Epoch 81/100 - MSE: 0.0829
Epoch 82/100 - MSE: 0.0820
Epoch 83/100 - MSE: 0.0812
Epoch 84/100 - MSE: 0.0801
Epoch 85/100 - MSE: 0.0794
Epoch 86/100 - MSE: 0.0785
Epoch 87/100 - MSE: 0.0776
Epoch 88/100 - MSE: 0.0765
Epoch 89/100 - MSE: 0.0758
Epoch 90/100 - MSE: 0.0748
Epoch 91/100 - MSE: 0.0742
Epoch 92/100 - MSE: 0.0734
Epoch 93/100 - MSE: 0.0726
Epoch 94/100 - MSE: 0.0717
Epoch 95/100 - MSE: 0.0708
Epoch 96/100 - MSE: 0.0700
Epoch 97/100 - MSE: 0.0693
Epoch 98/100 - MSE: 0.0687
Epoch 99/100 - MSE: 0.0680
Epoch 100/100 - MSE: 0.0671

--- Training RBM layer 2/4 ---
Epoch 1/100 - MSE: 0.1504
Epoch 2/100 - MSE: 0.1493
Epoch 3/100 - MSE: 0.1487
Epoch 4/100 - MSE: 0.1487
Epoch 5/100 - MSE: 0.1485
Epoch 6/100 - MSE: 0.1480
Epoch 7/100 - MSE: 0.1473
Epoch 8/100 - MSE: 0.1470
Epoch 9/100 - MSE: 0.1464
Epoch 10/100 - MSE: 0.1454
Epoch 11/100 - MSE: 0.1446
Epoch 12/100 - MSE: 0.1433
Epoch 13/100 - MSE: 0.1416
Epoch 14/100 - MSE: 0.1398
Epoch 15/100 - MSE: 0.1373
Epoch 16/100 - MSE: 0.1341
Epoch 17/100 - MSE: 0.1308
Epoch 18/100 - MSE: 0.1266
Epoch 19/100 - MSE: 0.1228
Epoch 20/100 - MSE: 0.1193
Epoch 21/100 - MSE: 0.1167
Epoch 22/100 - MSE: 0.1136
Epoch 23/100 - MSE: 0.1106
Epoch 24/100 - MSE: 0.1077
Epoch 25/100 - MSE: 0.1052
Epoch 26/100 - MSE: 0.1022
Epoch 27/100 - MSE: 0.0992
Epoch 28/100 - MSE: 0.0969
Epoch 29/100 - MSE: 0.0940
Epoch 30/100 - MSE: 0.0919
Epoch 31/100 - MSE: 0.0897
Epoch 32/100 - MSE: 0.0882
Epoch 33/100 - MSE: 0.0863
Epoch 34/100 - MSE: 0.0851
Epoch 35/100 - MSE: 0.0833
Epoch 36/100 - MSE: 0.0818
Epoch 37/100 - MSE: 0.0808
Epoch 38/100 - MSE: 0.0794
Epoch 39/100 - MSE: 0.0780
Epoch 40/100 - MSE: 0.0768
Epoch 41/100 - MSE: 0.0758
Epoch 42/100 - MSE: 0.0741
Epoch 43/100 - MSE: 0.0726
Epoch 44/100 - MSE: 0.0715
Epoch 45/100 - MSE: 0.0702
Epoch 46/100 - MSE: 0.0689
Epoch 47/100 - MSE: 0.0671
Epoch 48/100 - MSE: 0.0657
Epoch 49/100 - MSE: 0.0642
Epoch 50/100 - MSE: 0.0632
Epoch 51/100 - MSE: 0.0620
Epoch 52/100 - MSE: 0.0609
Epoch 53/100 - MSE: 0.0593
Epoch 54/100 - MSE: 0.0580
Epoch 55/100 - MSE: 0.0573
Epoch 56/100 - MSE: 0.0562
Epoch 57/100 - MSE: 0.0553
Epoch 58/100 - MSE: 0.0542
Epoch 59/100 - MSE: 0.0530
Epoch 60/100 - MSE: 0.0522
Epoch 61/100 - MSE: 0.0511
Epoch 62/100 - MSE: 0.0502
Epoch 63/100 - MSE: 0.0495
Epoch 64/100 - MSE: 0.0484
Epoch 65/100 - MSE: 0.0475
Epoch 66/100 - MSE: 0.0469
Epoch 67/100 - MSE: 0.0462
Epoch 68/100 - MSE: 0.0453
Epoch 69/100 - MSE: 0.0447
Epoch 70/100 - MSE: 0.0439
Epoch 71/100 - MSE: 0.0431
Epoch 72/100 - MSE: 0.0424
Epoch 73/100 - MSE: 0.0417
Epoch 74/100 - MSE: 0.0408
Epoch 75/100 - MSE: 0.0401
Epoch 76/100 - MSE: 0.0394
Epoch 77/100 - MSE: 0.0389
Epoch 78/100 - MSE: 0.0383
Epoch 79/100 - MSE: 0.0373
Epoch 80/100 - MSE: 0.0369
Epoch 81/100 - MSE: 0.0362
Epoch 82/100 - MSE: 0.0355
Epoch 83/100 - MSE: 0.0352
Epoch 84/100 - MSE: 0.0345
Epoch 85/100 - MSE: 0.0339
Epoch 86/100 - MSE: 0.0332
Epoch 87/100 - MSE: 0.0329
Epoch 88/100 - MSE: 0.0324
Epoch 89/100 - MSE: 0.0318
Epoch 90/100 - MSE: 0.0313
Epoch 91/100 - MSE: 0.0309
Epoch 92/100 - MSE: 0.0303
Epoch 93/100 - MSE: 0.0300
Epoch 94/100 - MSE: 0.0296
Epoch 95/100 - MSE: 0.0290
Epoch 96/100 - MSE: 0.0286
Epoch 97/100 - MSE: 0.0282
Epoch 98/100 - MSE: 0.0278
Epoch 99/100 - MSE: 0.0274
Epoch 100/100 - MSE: 0.0272

--- Training RBM layer 3/4 ---
Epoch 1/100 - MSE: 0.1132
Epoch 2/100 - MSE: 0.1137
Epoch 3/100 - MSE: 0.1131
Epoch 4/100 - MSE: 0.1124
Epoch 5/100 - MSE: 0.1122
Epoch 6/100 - MSE: 0.1123
Epoch 7/100 - MSE: 0.1117
Epoch 8/100 - MSE: 0.1112
Epoch 9/100 - MSE: 0.1103
Epoch 10/100 - MSE: 0.1092
Epoch 11/100 - MSE: 0.1079
Epoch 12/100 - MSE: 0.1060
Epoch 13/100 - MSE: 0.1036
Epoch 14/100 - MSE: 0.1004
Epoch 15/100 - MSE: 0.0961
Epoch 16/100 - MSE: 0.0921
Epoch 17/100 - MSE: 0.0873
Epoch 18/100 - MSE: 0.0830
Epoch 19/100 - MSE: 0.0785
Epoch 20/100 - MSE: 0.0744
Epoch 21/100 - MSE: 0.0712
Epoch 22/100 - MSE: 0.0681
Epoch 23/100 - MSE: 0.0651
Epoch 24/100 - MSE: 0.0629
Epoch 25/100 - MSE: 0.0600
Epoch 26/100 - MSE: 0.0576
Epoch 27/100 - MSE: 0.0558
Epoch 28/100 - MSE: 0.0534
Epoch 29/100 - MSE: 0.0513
Epoch 30/100 - MSE: 0.0502
Epoch 31/100 - MSE: 0.0486
Epoch 32/100 - MSE: 0.0472
Epoch 33/100 - MSE: 0.0463
Epoch 34/100 - MSE: 0.0450
Epoch 35/100 - MSE: 0.0437
Epoch 36/100 - MSE: 0.0427
Epoch 37/100 - MSE: 0.0415
Epoch 38/100 - MSE: 0.0405
Epoch 39/100 - MSE: 0.0395
Epoch 40/100 - MSE: 0.0382
Epoch 41/100 - MSE: 0.0373
Epoch 42/100 - MSE: 0.0360
Epoch 43/100 - MSE: 0.0350
Epoch 44/100 - MSE: 0.0339
Epoch 45/100 - MSE: 0.0326
Epoch 46/100 - MSE: 0.0314
Epoch 47/100 - MSE: 0.0305
Epoch 48/100 - MSE: 0.0297
Epoch 49/100 - MSE: 0.0286
Epoch 50/100 - MSE: 0.0276
Epoch 51/100 - MSE: 0.0266
Epoch 52/100 - MSE: 0.0260
Epoch 53/100 - MSE: 0.0254
Epoch 54/100 - MSE: 0.0248
Epoch 55/100 - MSE: 0.0238
Epoch 56/100 - MSE: 0.0235
Epoch 57/100 - MSE: 0.0227
Epoch 58/100 - MSE: 0.0222
Epoch 59/100 - MSE: 0.0219
Epoch 60/100 - MSE: 0.0213
Epoch 61/100 - MSE: 0.0209
Epoch 62/100 - MSE: 0.0205
Epoch 63/100 - MSE: 0.0201
Epoch 64/100 - MSE: 0.0197
Epoch 65/100 - MSE: 0.0192
Epoch 66/100 - MSE: 0.0190
Epoch 67/100 - MSE: 0.0185
Epoch 68/100 - MSE: 0.0180
Epoch 69/100 - MSE: 0.0177
Epoch 70/100 - MSE: 0.0174
Epoch 71/100 - MSE: 0.0171
Epoch 72/100 - MSE: 0.0168
Epoch 73/100 - MSE: 0.0164
Epoch 74/100 - MSE: 0.0160
Epoch 75/100 - MSE: 0.0156
Epoch 76/100 - MSE: 0.0153
Epoch 77/100 - MSE: 0.0151
Epoch 78/100 - MSE: 0.0147
Epoch 79/100 - MSE: 0.0144
Epoch 80/100 - MSE: 0.0143
Epoch 81/100 - MSE: 0.0142
Epoch 82/100 - MSE: 0.0136
Epoch 83/100 - MSE: 0.0134
Epoch 84/100 - MSE: 0.0134
Epoch 85/100 - MSE: 0.0131
Epoch 86/100 - MSE: 0.0126
Epoch 87/100 - MSE: 0.0124
Epoch 88/100 - MSE: 0.0122
Epoch 89/100 - MSE: 0.0119
Epoch 90/100 - MSE: 0.0117
Epoch 91/100 - MSE: 0.0114
Epoch 92/100 - MSE: 0.0112
Epoch 93/100 - MSE: 0.0111
Epoch 94/100 - MSE: 0.0110
Epoch 95/100 - MSE: 0.0108
Epoch 96/100 - MSE: 0.0106
Epoch 97/100 - MSE: 0.0103
Epoch 98/100 - MSE: 0.0101
Epoch 99/100 - MSE: 0.0100
Epoch 100/100 - MSE: 0.0098

--- Training RBM layer 4/4 ---
Epoch 1/100 - MSE: 0.0904
Epoch 2/100 - MSE: 0.0894
Epoch 3/100 - MSE: 0.0892
Epoch 4/100 - MSE: 0.0883
Epoch 5/100 - MSE: 0.0885
Epoch 6/100 - MSE: 0.0880
Epoch 7/100 - MSE: 0.0879
Epoch 8/100 - MSE: 0.0870
Epoch 9/100 - MSE: 0.0865
Epoch 10/100 - MSE: 0.0853
Epoch 11/100 - MSE: 0.0842
Epoch 12/100 - MSE: 0.0827
Epoch 13/100 - MSE: 0.0810
Epoch 14/100 - MSE: 0.0783
Epoch 15/100 - MSE: 0.0750
Epoch 16/100 - MSE: 0.0717
Epoch 17/100 - MSE: 0.0680
Epoch 18/100 - MSE: 0.0648
Epoch 19/100 - MSE: 0.0618
Epoch 20/100 - MSE: 0.0593
Epoch 21/100 - MSE: 0.0566
Epoch 22/100 - MSE: 0.0541
Epoch 23/100 - MSE: 0.0520
Epoch 24/100 - MSE: 0.0492
Epoch 25/100 - MSE: 0.0474
Epoch 26/100 - MSE: 0.0447
Epoch 27/100 - MSE: 0.0421
Epoch 28/100 - MSE: 0.0399
Epoch 29/100 - MSE: 0.0383
Epoch 30/100 - MSE: 0.0366
Epoch 31/100 - MSE: 0.0351
Epoch 32/100 - MSE: 0.0336
Epoch 33/100 - MSE: 0.0325
Epoch 34/100 - MSE: 0.0318
Epoch 35/100 - MSE: 0.0307
Epoch 36/100 - MSE: 0.0296
Epoch 37/100 - MSE: 0.0289
Epoch 38/100 - MSE: 0.0282
Epoch 39/100 - MSE: 0.0277
Epoch 40/100 - MSE: 0.0269
Epoch 41/100 - MSE: 0.0265
Epoch 42/100 - MSE: 0.0258
Epoch 43/100 - MSE: 0.0251
Epoch 44/100 - MSE: 0.0246
Epoch 45/100 - MSE: 0.0239
Epoch 46/100 - MSE: 0.0231
Epoch 47/100 - MSE: 0.0222
Epoch 48/100 - MSE: 0.0215
Epoch 49/100 - MSE: 0.0209
Epoch 50/100 - MSE: 0.0200
Epoch 51/100 - MSE: 0.0195
Epoch 52/100 - MSE: 0.0189
Epoch 53/100 - MSE: 0.0183
Epoch 54/100 - MSE: 0.0175
Epoch 55/100 - MSE: 0.0169
Epoch 56/100 - MSE: 0.0160
Epoch 57/100 - MSE: 0.0153
Epoch 58/100 - MSE: 0.0148
Epoch 59/100 - MSE: 0.0141
Epoch 60/100 - MSE: 0.0138
Epoch 61/100 - MSE: 0.0134
Epoch 62/100 - MSE: 0.0128
Epoch 63/100 - MSE: 0.0123
Epoch 64/100 - MSE: 0.0118
Epoch 65/100 - MSE: 0.0115
Epoch 66/100 - MSE: 0.0111
Epoch 67/100 - MSE: 0.0107
Epoch 68/100 - MSE: 0.0104
Epoch 69/100 - MSE: 0.0102
Epoch 70/100 - MSE: 0.0100
Epoch 71/100 - MSE: 0.0099
Epoch 72/100 - MSE: 0.0094
Epoch 73/100 - MSE: 0.0093
Epoch 74/100 - MSE: 0.0091
Epoch 75/100 - MSE: 0.0090
Epoch 76/100 - MSE: 0.0089
Epoch 77/100 - MSE: 0.0086
Epoch 78/100 - MSE: 0.0085
Epoch 79/100 - MSE: 0.0084
Epoch 80/100 - MSE: 0.0080
Epoch 81/100 - MSE: 0.0080
Epoch 82/100 - MSE: 0.0081
Epoch 83/100 - MSE: 0.0078
Epoch 84/100 - MSE: 0.0076
Epoch 85/100 - MSE: 0.0074
Epoch 86/100 - MSE: 0.0073
Epoch 87/100 - MSE: 0.0072
Epoch 88/100 - MSE: 0.0069
Epoch 89/100 - MSE: 0.0068
Epoch 90/100 - MSE: 0.0067
Epoch 91/100 - MSE: 0.0067
Epoch 92/100 - MSE: 0.0067
Epoch 93/100 - MSE: 0.0065
Epoch 94/100 - MSE: 0.0065
Epoch 95/100 - MSE: 0.0063
Epoch 96/100 - MSE: 0.0062
Epoch 97/100 - MSE: 0.0061
Epoch 98/100 - MSE: 0.0061
Epoch 99/100 - MSE: 0.0061
Epoch 100/100 - MSE: 0.0058
  Saved outputs/alpha_study/dbn_depth_4.png

All studies complete. Results in: outputs/alpha_study
Done: sam. 21 mars 2026 00:42:17 CET
