Job ID : 16758
Node   : ensta-l40s02
GPU    : NVIDIA L40S
Date   : ven. 20 mars 2026 23:49:08 CET
Data shape: torch.Size([108, 320])

--- Training RBM layer 1/2 ---
Epoch 1/100 - MSE: 0.2323
Epoch 2/100 - MSE: 0.2294
Epoch 3/100 - MSE: 0.2288
Epoch 4/100 - MSE: 0.2282
Epoch 5/100 - MSE: 0.2273
Epoch 6/100 - MSE: 0.2263
Epoch 7/100 - MSE: 0.2252
Epoch 8/100 - MSE: 0.2240
Epoch 9/100 - MSE: 0.2221
Epoch 10/100 - MSE: 0.2196
Epoch 11/100 - MSE: 0.2167
Epoch 12/100 - MSE: 0.2135
Epoch 13/100 - MSE: 0.2089
Epoch 14/100 - MSE: 0.2049
Epoch 15/100 - MSE: 0.2007
Epoch 16/100 - MSE: 0.1970
Epoch 17/100 - MSE: 0.1935
Epoch 18/100 - MSE: 0.1900
Epoch 19/100 - MSE: 0.1868
Epoch 20/100 - MSE: 0.1834
Epoch 21/100 - MSE: 0.1806
Epoch 22/100 - MSE: 0.1771
Epoch 23/100 - MSE: 0.1741
Epoch 24/100 - MSE: 0.1716
Epoch 25/100 - MSE: 0.1692
Epoch 26/100 - MSE: 0.1663
Epoch 27/100 - MSE: 0.1639
Epoch 28/100 - MSE: 0.1618
Epoch 29/100 - MSE: 0.1599
Epoch 30/100 - MSE: 0.1576
Epoch 31/100 - MSE: 0.1551
Epoch 32/100 - MSE: 0.1532
Epoch 33/100 - MSE: 0.1507
Epoch 34/100 - MSE: 0.1490
Epoch 35/100 - MSE: 0.1469
Epoch 36/100 - MSE: 0.1447
Epoch 37/100 - MSE: 0.1431
Epoch 38/100 - MSE: 0.1412
Epoch 39/100 - MSE: 0.1393
Epoch 40/100 - MSE: 0.1372
Epoch 41/100 - MSE: 0.1355
Epoch 42/100 - MSE: 0.1337
Epoch 43/100 - MSE: 0.1320
Epoch 44/100 - MSE: 0.1299
Epoch 45/100 - MSE: 0.1282
Epoch 46/100 - MSE: 0.1266
Epoch 47/100 - MSE: 0.1246
Epoch 48/100 - MSE: 0.1228
Epoch 49/100 - MSE: 0.1211
Epoch 50/100 - MSE: 0.1195
Epoch 51/100 - MSE: 0.1180
Epoch 52/100 - MSE: 0.1164
Epoch 53/100 - MSE: 0.1150
Epoch 54/100 - MSE: 0.1137
Epoch 55/100 - MSE: 0.1118
Epoch 56/100 - MSE: 0.1105
Epoch 57/100 - MSE: 0.1092
Epoch 58/100 - MSE: 0.1077
Epoch 59/100 - MSE: 0.1064
Epoch 60/100 - MSE: 0.1052
Epoch 61/100 - MSE: 0.1041
Epoch 62/100 - MSE: 0.1026
Epoch 63/100 - MSE: 0.1014
Epoch 64/100 - MSE: 0.1003
Epoch 65/100 - MSE: 0.0994
Epoch 66/100 - MSE: 0.0981
Epoch 67/100 - MSE: 0.0968
Epoch 68/100 - MSE: 0.0958
Epoch 69/100 - MSE: 0.0946
Epoch 70/100 - MSE: 0.0935
Epoch 71/100 - MSE: 0.0923
Epoch 72/100 - MSE: 0.0915
Epoch 73/100 - MSE: 0.0904
Epoch 74/100 - MSE: 0.0893
Epoch 75/100 - MSE: 0.0883
Epoch 76/100 - MSE: 0.0874
Epoch 77/100 - MSE: 0.0861
Epoch 78/100 - MSE: 0.0852
Epoch 79/100 - MSE: 0.0844
Epoch 80/100 - MSE: 0.0834
Epoch 81/100 - MSE: 0.0825
Epoch 82/100 - MSE: 0.0814
Epoch 83/100 - MSE: 0.0805
Epoch 84/100 - MSE: 0.0795
Epoch 85/100 - MSE: 0.0788
Epoch 86/100 - MSE: 0.0780
Epoch 87/100 - MSE: 0.0772
Epoch 88/100 - MSE: 0.0765
Epoch 89/100 - MSE: 0.0757
Epoch 90/100 - MSE: 0.0748
Epoch 91/100 - MSE: 0.0741
Epoch 92/100 - MSE: 0.0732
Epoch 93/100 - MSE: 0.0722
Epoch 94/100 - MSE: 0.0715
Epoch 95/100 - MSE: 0.0708
Epoch 96/100 - MSE: 0.0702
Epoch 97/100 - MSE: 0.0693
Epoch 98/100 - MSE: 0.0685
Epoch 99/100 - MSE: 0.0677
Epoch 100/100 - MSE: 0.0671

--- Training RBM layer 2/2 ---
Epoch 1/100 - MSE: 0.1563
Epoch 2/100 - MSE: 0.1510
Epoch 3/100 - MSE: 0.1485
Epoch 4/100 - MSE: 0.1470
Epoch 5/100 - MSE: 0.1460
Epoch 6/100 - MSE: 0.1452
Epoch 7/100 - MSE: 0.1446
Epoch 8/100 - MSE: 0.1441
Epoch 9/100 - MSE: 0.1435
Epoch 10/100 - MSE: 0.1432
Epoch 11/100 - MSE: 0.1426
Epoch 12/100 - MSE: 0.1421
Epoch 13/100 - MSE: 0.1414
Epoch 14/100 - MSE: 0.1407
Epoch 15/100 - MSE: 0.1399
Epoch 16/100 - MSE: 0.1391
Epoch 17/100 - MSE: 0.1380
Epoch 18/100 - MSE: 0.1366
Epoch 19/100 - MSE: 0.1350
Epoch 20/100 - MSE: 0.1331
Epoch 21/100 - MSE: 0.1308
Epoch 22/100 - MSE: 0.1286
Epoch 23/100 - MSE: 0.1261
Epoch 24/100 - MSE: 0.1236
Epoch 25/100 - MSE: 0.1212
Epoch 26/100 - MSE: 0.1189
Epoch 27/100 - MSE: 0.1169
Epoch 28/100 - MSE: 0.1149
Epoch 29/100 - MSE: 0.1129
Epoch 30/100 - MSE: 0.1105
Epoch 31/100 - MSE: 0.1084
Epoch 32/100 - MSE: 0.1063
Epoch 33/100 - MSE: 0.1040
Epoch 34/100 - MSE: 0.1017
Epoch 35/100 - MSE: 0.0995
Epoch 36/100 - MSE: 0.0975
Epoch 37/100 - MSE: 0.0953
Epoch 38/100 - MSE: 0.0933
Epoch 39/100 - MSE: 0.0916
Epoch 40/100 - MSE: 0.0899
Epoch 41/100 - MSE: 0.0884
Epoch 42/100 - MSE: 0.0871
Epoch 43/100 - MSE: 0.0857
Epoch 44/100 - MSE: 0.0844
Epoch 45/100 - MSE: 0.0833
Epoch 46/100 - MSE: 0.0822
Epoch 47/100 - MSE: 0.0812
Epoch 48/100 - MSE: 0.0801
Epoch 49/100 - MSE: 0.0791
Epoch 50/100 - MSE: 0.0781
Epoch 51/100 - MSE: 0.0770
Epoch 52/100 - MSE: 0.0762
Epoch 53/100 - MSE: 0.0752
Epoch 54/100 - MSE: 0.0740
Epoch 55/100 - MSE: 0.0731
Epoch 56/100 - MSE: 0.0720
Epoch 57/100 - MSE: 0.0710
Epoch 58/100 - MSE: 0.0702
Epoch 59/100 - MSE: 0.0692
Epoch 60/100 - MSE: 0.0683
Epoch 61/100 - MSE: 0.0673
Epoch 62/100 - MSE: 0.0664
Epoch 63/100 - MSE: 0.0656
Epoch 64/100 - MSE: 0.0646
Epoch 65/100 - MSE: 0.0638
Epoch 66/100 - MSE: 0.0630
Epoch 67/100 - MSE: 0.0622
Epoch 68/100 - MSE: 0.0613
Epoch 69/100 - MSE: 0.0607
Epoch 70/100 - MSE: 0.0598
Epoch 71/100 - MSE: 0.0590
Epoch 72/100 - MSE: 0.0584
Epoch 73/100 - MSE: 0.0577
Epoch 74/100 - MSE: 0.0570
Epoch 75/100 - MSE: 0.0564
Epoch 76/100 - MSE: 0.0558
Epoch 77/100 - MSE: 0.0552
Epoch 78/100 - MSE: 0.0544
Epoch 79/100 - MSE: 0.0536
Epoch 80/100 - MSE: 0.0530
Epoch 81/100 - MSE: 0.0524
Epoch 82/100 - MSE: 0.0520
Epoch 83/100 - MSE: 0.0512
Epoch 84/100 - MSE: 0.0506
Epoch 85/100 - MSE: 0.0501
Epoch 86/100 - MSE: 0.0496
Epoch 87/100 - MSE: 0.0490
Epoch 88/100 - MSE: 0.0485
Epoch 89/100 - MSE: 0.0480
Epoch 90/100 - MSE: 0.0474
Epoch 91/100 - MSE: 0.0468
Epoch 92/100 - MSE: 0.0462
Epoch 93/100 - MSE: 0.0457
Epoch 94/100 - MSE: 0.0451
Epoch 95/100 - MSE: 0.0446
Epoch 96/100 - MSE: 0.0440
Epoch 97/100 - MSE: 0.0434
Epoch 98/100 - MSE: 0.0430
Epoch 99/100 - MSE: 0.0425
Epoch 100/100 - MSE: 0.0420
Saved outputs/dbn_generated.png
Done: ven. 20 mars 2026 23:49:10 CET
